2024-01-10 16:57:39,706 ERROR frappe New Exception collected in error log
Site: farmica.com
Form Dict: {'doc': '{"docstatus":0,"doctype":"Lot","name":"new-lot-kgskjscnvh","__islocal":1,"__unsaved":1,"owner":"Administrator","lot_no":"3","batch":"3RGERG3T34"}', 'action': 'Save', 'cmd': 'frappe.desk.form.save.savedocs'}
2024-01-10 18:05:05,501 ERROR frappe New Exception collected in error log
Site: farmica.com
Form Dict: {'doc': '{"docstatus":0,"doctype":"Lot","name":"new-lot-fmyrpzbeja","__islocal":1,"__unsaved":1,"owner":"Administrator","__run_link_triggers":1,"lot_no":"3","batch":"3RGERG3T34"}', 'cmd': 'frappe.client.save'}
2024-01-10 18:05:19,704 ERROR frappe New Exception collected in error log
Site: farmica.com
Form Dict: {'doc': '{"docstatus":0,"doctype":"Lot","name":"new-lot-fmyrpzbeja","__islocal":1,"__unsaved":1,"owner":"Administrator","lot_no":"3","batch":"3RGERG3T34"}', 'action': 'Save', 'cmd': 'frappe.desk.form.save.savedocs'}
2024-01-10 18:07:07,993 ERROR frappe New Exception collected in error log
Site: farmica.com
Form Dict: {'doc': '{"docstatus":0,"doctype":"Lot","name":"new-lot-xtzhmiemrm","__islocal":1,"__unsaved":1,"owner":"Administrator","__run_link_triggers":1,"lot_no":"3","batch":"3RGERG3T34"}', 'cmd': 'frappe.client.save'}
2024-01-10 18:17:15,113 ERROR frappe New Exception collected in error log
Site: farmica.com
Form Dict: {'doc': '{"docstatus":0,"doctype":"Lot","name":"new-lot-ccasbyqpgp","__islocal":1,"__unsaved":1,"owner":"Administrator","__run_link_triggers":1,"lot_no":"3","batch":"3RGERG3T34"}', 'cmd': 'frappe.client.save'}
2024-01-11 15:02:15,568 ERROR frappe New Exception collected in error log
Site: farmica.com
Form Dict: {'recipients': 'xphine10@gmail.com, ', 'subject': '3RGERG3T34-P10 (#10)', 'content': '<div class="ql-editor read-mode"><p>test</p></div>', 'doctype': 'Packing', 'name': '10', 'send_email': '1', 'print_html': '', 'send_me_a_copy': '1', 'print_format': '', 'attachments': '[]', 'read_receipt': '0', 'print_letterhead': '1', 'send_after': '', 'cmd': 'frappe.core.doctype.communication.email.make'}
2024-01-16 13:33:36,916 ERROR frappe New Exception collected in error log
Site: farmica.com
Form Dict: {'name': 'Inventory Chart', 'cmd': 'frappe.desk.doctype.dashboard_chart_source.dashboard_chart_source.get_config'}
2024-01-16 13:33:49,282 ERROR frappe New Exception collected in error log
Site: farmica.com
Form Dict: {'name': 'Inventory Chart', 'cmd': 'frappe.desk.doctype.dashboard_chart_source.dashboard_chart_source.get_config'}
2024-01-16 16:08:22,004 ERROR frappe New Exception collected in error log
Site: farmica.com
Form Dict: {'name': 'Inventory Chart', 'cmd': 'frappe.desk.doctype.dashboard_chart_source.dashboard_chart_source.get_config'}
2024-01-16 16:08:28,015 ERROR frappe New Exception collected in error log
Site: farmica.com
Form Dict: {'name': 'Inventory Chart', 'cmd': 'frappe.desk.doctype.dashboard_chart_source.dashboard_chart_source.get_config'}
